
 Running default procedure: HF-SCF000  CCSD

 PROGRAM * ALASKA (Gradient of the energy)     Author: R. Lindh


 CCSD Gradient info restored from record   55555.1

 Number of core orbitals:           2 (   1   1   0   0   0   0   0   0 )
 Number of closed-shell orbitals:   6 (   2   1   1   0   1   1   0   0 )
 Number of external orbitals:     108 (  20  21  10  11  16  16   7   7 )

 Integral thresholds in T2TRAN:            1.0D-10 (PROD)

 Available memory for Transformation:   5025485 words
 Memory needed for incore algorithm:     653806 words
 Minimum memory needed:                  423250 words

 Memory used for transformation:           0.98 MW
 Available memory for gradients:           6.04 MW

 CPU for transformation:                   0.22 sec
 CPU for integrals and gradient:           1.16 sec
 Total CPU:                                1.38 sec

 Prescreening statistics:
 ========================

 Total number of shell quadruplets:        4.06D+02
 Number of shell quadruplets processed:    4.06D+02 (100.00%)

 CCSD GRADIENT FOR STATE 1.1

 Atom          dE/dx               dE/dy               dE/dz

   1         0.002144827         0.000000000         0.000000000
   2        -0.002144827         0.000000000         0.000000000
   3        -0.000769083         0.000000000        -0.000363452
   4        -0.000769083         0.000000000         0.000363452
   5         0.000769083         0.000000000        -0.000363452
   6         0.000769083         0.000000000         0.000363452

 Nuclear force contribution to virial =        -0.004274817
 Reading points  1 to  1 from record 700.2,  wavefunction type=CCSD            

 Making model hessian for cartesian coordinates
 No hessian update for point  1

 Entering Rational Function Geometry Optimization

 Optimization point  1

 Variable                      Last           Current        Next           Gradient       Hessian
 E(CCSD) / Hartree           0.00000000   -78.42379332   -78.42379974
 GX1 / ANGSTROM              0.00000000     0.66601756     0.66579072     0.00405314    -0.00000000
 GY1 / ANGSTROM              0.00000000     0.00000000     0.00000000     0.00000000    -0.00000000
 GZ1 / ANGSTROM              0.00000000     0.00000000     0.00000000     0.00000000    -0.00000000
 GX2 / ANGSTROM              0.00000000    -0.66601756    -0.66579072    -0.00405314    -0.00000000
 GY2 / ANGSTROM              0.00000000     0.00000000     0.00000000     0.00000000    -0.00000000
 GZ2 / ANGSTROM              0.00000000     0.00000000     0.00000000     0.00000000    -0.00000000
 GX3 / ANGSTROM              0.00000000     1.22792695     1.23009307    -0.00145336     0.06133657
 GY3 / ANGSTROM              0.00000000     0.00000000     0.00000000     0.00000000     0.20577644
 GZ3 / ANGSTROM              0.00000000     0.92282299     0.92224070    -0.00068682     0.34266788
 GX4 / ANGSTROM              0.00000000     1.22792695     1.23009307    -0.00145336     0.64333847
 GY4 / ANGSTROM              0.00000000     0.00000000     0.00000000     0.00000000     0.66578111
 GZ4 / ANGSTROM              0.00000000    -0.92282299    -0.92224070     0.00068682     1.48971867
 GX5 / ANGSTROM              0.00000000    -1.22792695    -1.23009307     0.00145336     3.01597720
 GY5 / ANGSTROM              0.00000000     0.00000000     0.00000000     0.00000000     3.59050985
 GZ5 / ANGSTROM              0.00000000     0.92282299     0.92224070    -0.00068682     4.42233376
 GX6 / ANGSTROM              0.00000000    -1.22792695    -1.23009307     0.00145336     5.37272071
 GY6 / ANGSTROM              0.00000000     0.00000000     0.00000000     0.00000000     7.32324699
 GZ6 / ANGSTROM              0.00000000    -0.92282299    -0.92224070     0.00068682     9.10741485
 Convergence:                0.00000000  (line search)     0.00849906     0.00347777  (total)

 Geometry written to block  2 of record 700


 Recomputing integrals since geometry changed


 PROGRAM * SEWARD (Integral evaluation for generally contracted gaussian basis sets)     Author: Roland Lindh, 1990

 Geometry written to block  2 of record 700


 Point group  D2h 



 ATOMIC COORDINATES

 NR  ATOM    CHARGE       X              Y              Z

   1  C       6.00    1.258162112    0.000000000    0.000000000
   2  C       6.00   -1.258162112    0.000000000    0.000000000
   3  H       1.00    2.324539016    0.000000000    1.742782343
   4  H       1.00    2.324539016    0.000000000   -1.742782343
   5  H       1.00   -2.324539016    0.000000000    1.742782343
   6  H       1.00   -2.324539016    0.000000000   -1.742782343

 Bond lengths in Bohr (Angstrom)

 1-2  2.516324224  1-3  2.043147081  1-4  2.043147081  2-5  2.043147081  2-6  2.043147081
     ( 1.331581435)     ( 1.081186874)     ( 1.081186874)     ( 1.081186874)     ( 1.081186874)

 Bond angles

  1-2-5  121.46170758   1-2-6  121.46170758   2-1-3  121.46170758   2-1-4  121.46170758

  3-1-4  117.07658485   5-2-6  117.07658485


 BASIS DATA

   Nr Sym  Nuc  Type         Exponents   Contraction coefficients

    1.1 Ag    1  1s        8236.000000     0.000531   -0.000113    0.000000    0.000000
    2.1 Ag    2  1s        1235.000000     0.004108   -0.000878    0.000000    0.000000
    3.1 Ag                  280.800000     0.021087   -0.004540    0.000000    0.000000
    4.1 Ag                   79.270000     0.081853   -0.018133    0.000000    0.000000
                             25.590000     0.234817   -0.055760    0.000000    0.000000
                              8.997000     0.434401   -0.126895    0.000000    0.000000
                              3.319000     0.346129   -0.170352    0.000000    0.000000
                              0.905900     0.039378    0.140382    1.000000    0.000000
                              0.364300    -0.008983    0.598684    0.000000    0.000000
                              0.128500     0.002385    0.395389    0.000000    1.000000
    5.1 Ag    1  2px         18.710000     0.014031    0.000000    0.000000
    6.1 Ag    2 -2px          4.133000     0.086866    0.000000    0.000000
    7.1 Ag                    1.200000     0.290216    0.000000    0.000000
                              0.382700     0.501008    1.000000    0.000000
                              0.120900     0.343406    0.000000    1.000000
    8.1 Ag    1  3d0          1.097000     1.000000
              2  3d0   
    9.1 Ag    1  3d2+         1.097000     1.000000
              2  3d2+  
   10.1 Ag    1  3d0          0.318000     1.000000
              2  3d0   
   11.1 Ag    1  3d2+         0.318000     1.000000
              2  3d2+  
   12.1 Ag    1  4f1+         0.761000     1.000000
              2 -4f1+  
   13.1 Ag    1  4f3+         0.761000     1.000000
              2 -4f3+  
   14.1 Ag    3  1s          33.870000     0.006068    0.000000    0.000000
   15.1 Ag    4  1s           5.095000     0.045308    0.000000    0.000000
   16.1 Ag    5  1s           1.159000     0.202822    0.000000    0.000000
              6  1s           0.325800     0.503903    1.000000    0.000000
                              0.102700     0.383421    0.000000    1.000000
   17.1 Ag    3  2px          1.407000     1.000000
              4  2px   
              5 -2px   
              6 -2px   
   18.1 Ag    3  2pz          1.407000     1.000000
              4 -2pz   
              5  2pz   
              6 -2pz   
   19.1 Ag    3  2px          0.388000     1.000000
              4  2px   
              5 -2px   
              6 -2px   
   20.1 Ag    3  2pz          0.388000     1.000000
              4 -2pz   
              5  2pz   
              6 -2pz   
   21.1 Ag    3  3d0          1.057000     1.000000
              4  3d0   
              5  3d0   
              6  3d0   
   22.1 Ag    3  3d2+         1.057000     1.000000
              4  3d2+  
              5  3d2+  
              6  3d2+  
   23.1 Ag    3  3d1+         1.057000     1.000000
              4 -3d1+  
              5 -3d1+  
              6  3d1+  
    1.2 B3u   1  1s        8236.000000     0.000531   -0.000113    0.000000    0.000000
    2.2 B3u   2 -1s        1235.000000     0.004108   -0.000878    0.000000    0.000000
    3.2 B3u                 280.800000     0.021087   -0.004540    0.000000    0.000000
    4.2 B3u                  79.270000     0.081853   -0.018133    0.000000    0.000000
                             25.590000     0.234817   -0.055760    0.000000    0.000000
                              8.997000     0.434401   -0.126895    0.000000    0.000000
                              3.319000     0.346129   -0.170352    0.000000    0.000000
                              0.905900     0.039378    0.140382    1.000000    0.000000
                              0.364300    -0.008983    0.598684    0.000000    0.000000
                              0.128500     0.002385    0.395389    0.000000    1.000000
    5.2 B3u   1  2px         18.710000     0.014031    0.000000    0.000000
    6.2 B3u   2  2px          4.133000     0.086866    0.000000    0.000000
    7.2 B3u                   1.200000     0.290216    0.000000    0.000000
                              0.382700     0.501008    1.000000    0.000000
                              0.120900     0.343406    0.000000    1.000000
    8.2 B3u   1  3d0          1.097000     1.000000
              2 -3d0   
    9.2 B3u   1  3d2+         1.097000     1.000000
              2 -3d2+  
   10.2 B3u   1  3d0          0.318000     1.000000
              2 -3d0   
   11.2 B3u   1  3d2+         0.318000     1.000000
              2 -3d2+  
   12.2 B3u   1  4f1+         0.761000     1.000000
              2  4f1+  
   13.2 B3u   1  4f3+         0.761000     1.000000
              2  4f3+  
   14.2 B3u   3  1s          33.870000     0.006068    0.000000    0.000000
   15.2 B3u   4  1s           5.095000     0.045308    0.000000    0.000000
   16.2 B3u   5 -1s           1.159000     0.202822    0.000000    0.000000
              6 -1s           0.325800     0.503903    1.000000    0.000000
                              0.102700     0.383421    0.000000    1.000000
   17.2 B3u   3  2px          1.407000     1.000000
              4  2px   
              5  2px   
              6  2px   
   18.2 B3u   3  2pz          1.407000     1.000000
              4 -2pz   
              5 -2pz   
              6  2pz   
   19.2 B3u   3  2px          0.388000     1.000000
              4  2px   
              5  2px   
              6  2px   
   20.2 B3u   3  2pz          0.388000     1.000000
              4 -2pz   
              5 -2pz   
              6  2pz   
   21.2 B3u   3  3d0          1.057000     1.000000
              4  3d0   
              5 -3d0   
              6 -3d0   
   22.2 B3u   3  3d2+         1.057000     1.000000
              4  3d2+  
              5 -3d2+  
              6 -3d2+  
   23.2 B3u   3  3d1+         1.057000     1.000000
              4 -3d1+  
              5  3d1+  
              6 -3d1+  
    1.3 B2u   1  2py         18.710000     0.014031    0.000000    0.000000
    2.3 B2u   2  2py          4.133000     0.086866    0.000000    0.000000
    3.3 B2u                   1.200000     0.290216    0.000000    0.000000
                              0.382700     0.501008    1.000000    0.000000
                              0.120900     0.343406    0.000000    1.000000
    4.3 B2u   1  3d2-         1.097000     1.000000
              2 -3d2-  
    5.3 B2u   1  3d2-         0.318000     1.000000
              2 -3d2-  
    6.3 B2u   1  4f1-         0.761000     1.000000
              2  4f1-  
    7.3 B2u   1  4f3-         0.761000     1.000000
              2  4f3-  
    8.3 B2u   3  2py          1.407000     1.000000
              4  2py   
              5  2py   
              6  2py   
    9.3 B2u   3  2py          0.388000     1.000000
              4  2py   
              5  2py   
              6  2py   
   10.3 B2u   3  3d2-         1.057000     1.000000
              4  3d2-  
              5 -3d2-  
              6 -3d2-  
   11.3 B2u   3  3d1-         1.057000     1.000000
              4 -3d1-  
              5  3d1-  
              6 -3d1-  
    1.4 B1g   1  2py         18.710000     0.014031    0.000000    0.000000
    2.4 B1g   2 -2py          4.133000     0.086866    0.000000    0.000000
    3.4 B1g                   1.200000     0.290216    0.000000    0.000000
                              0.382700     0.501008    1.000000    0.000000
                              0.120900     0.343406    0.000000    1.000000
    4.4 B1g   1  3d2-         1.097000     1.000000
              2  3d2-  
    5.4 B1g   1  3d2-         0.318000     1.000000
              2  3d2-  
    6.4 B1g   1  4f1-         0.761000     1.000000
              2 -4f1-  
    7.4 B1g   1  4f3-         0.761000     1.000000
              2 -4f3-  
    8.4 B1g   3  2py          1.407000     1.000000
              4  2py   
              5 -2py   
              6 -2py   
    9.4 B1g   3  2py          0.388000     1.000000
              4  2py   
              5 -2py   
              6 -2py   
   10.4 B1g   3  3d2-         1.057000     1.000000
              4  3d2-  
              5  3d2-  
              6  3d2-  
   11.4 B1g   3  3d1-         1.057000     1.000000
              4 -3d1-  
              5 -3d1-  
              6  3d1-  
    1.5 B1u   1  2pz         18.710000     0.014031    0.000000    0.000000
    2.5 B1u   2  2pz          4.133000     0.086866    0.000000    0.000000
    3.5 B1u                   1.200000     0.290216    0.000000    0.000000
                              0.382700     0.501008    1.000000    0.000000
                              0.120900     0.343406    0.000000    1.000000
    4.5 B1u   1  3d1+         1.097000     1.000000
              2 -3d1+  
    5.5 B1u   1  3d1+         0.318000     1.000000
              2 -3d1+  
    6.5 B1u   1  4f0          0.761000     1.000000
              2  4f0   
    7.5 B1u   1  4f2+         0.761000     1.000000
              2  4f2+  
    8.5 B1u   3  1s          33.870000     0.006068    0.000000    0.000000
    9.5 B1u   4 -1s           5.095000     0.045308    0.000000    0.000000
   10.5 B1u   5  1s           1.159000     0.202822    0.000000    0.000000
              6 -1s           0.325800     0.503903    1.000000    0.000000
                              0.102700     0.383421    0.000000    1.000000
   11.5 B1u   3  2pz          1.407000     1.000000
              4  2pz   
              5  2pz   
              6  2pz   
   12.5 B1u   3  2px          1.407000     1.000000
              4 -2px   
              5 -2px   
              6  2px   
   13.5 B1u   3  2pz          0.388000     1.000000
              4  2pz   
              5  2pz   
              6  2pz   
   14.5 B1u   3  2px          0.388000     1.000000
              4 -2px   
              5 -2px   
              6  2px   
   15.5 B1u   3  3d1+         1.057000     1.000000
              4  3d1+  
              5 -3d1+  
              6 -3d1+  
   16.5 B1u   3  3d0          1.057000     1.000000
              4 -3d0   
              5  3d0   
              6 -3d0   
   17.5 B1u   3  3d2+         1.057000     1.000000
              4 -3d2+  
              5  3d2+  
              6 -3d2+  
    1.6 B2g   1  2pz         18.710000     0.014031    0.000000    0.000000
    2.6 B2g   2 -2pz          4.133000     0.086866    0.000000    0.000000
    3.6 B2g                   1.200000     0.290216    0.000000    0.000000
                              0.382700     0.501008    1.000000    0.000000
                              0.120900     0.343406    0.000000    1.000000
    4.6 B2g   1  3d1+         1.097000     1.000000
              2  3d1+  
    5.6 B2g   1  3d1+         0.318000     1.000000
              2  3d1+  
    6.6 B2g   1  4f0          0.761000     1.000000
              2 -4f0   
    7.6 B2g   1  4f2+         0.761000     1.000000
              2 -4f2+  
    8.6 B2g   3  1s          33.870000     0.006068    0.000000    0.000000
    9.6 B2g   4 -1s           5.095000     0.045308    0.000000    0.000000
   10.6 B2g   5 -1s           1.159000     0.202822    0.000000    0.000000
              6  1s           0.325800     0.503903    1.000000    0.000000
                              0.102700     0.383421    0.000000    1.000000
   11.6 B2g   3  2pz          1.407000     1.000000
              4  2pz   
              5 -2pz   
              6 -2pz   
   12.6 B2g   3  2px          1.407000     1.000000
              4 -2px   
              5  2px   
              6 -2px   
   13.6 B2g   3  2pz          0.388000     1.000000
              4  2pz   
              5 -2pz   
              6 -2pz   
   14.6 B2g   3  2px          0.388000     1.000000
              4 -2px   
              5  2px   
              6 -2px   
   15.6 B2g   3  3d1+         1.057000     1.000000
              4  3d1+  
              5  3d1+  
              6  3d1+  
   16.6 B2g   3  3d0          1.057000     1.000000
              4 -3d0   
              5 -3d0   
              6  3d0   
   17.6 B2g   3  3d2+         1.057000     1.000000
              4 -3d2+  
              5 -3d2+  
              6  3d2+  
    1.7 B3g   1  3d1-         1.097000     1.000000
              2  3d1-  
    2.7 B3g   1  3d1-         0.318000     1.000000
              2  3d1-  
    3.7 B3g   1  4f2-         0.761000     1.000000
              2 -4f2-  
    4.7 B3g   3  2py          1.407000     1.000000
              4 -2py   
              5  2py   
              6 -2py   
    5.7 B3g   3  2py          0.388000     1.000000
              4 -2py   
              5  2py   
              6 -2py   
    6.7 B3g   3  3d1-         1.057000     1.000000
              4  3d1-  
              5  3d1-  
              6  3d1-  
    7.7 B3g   3  3d2-         1.057000     1.000000
              4 -3d2-  
              5 -3d2-  
              6  3d2-  
    1.8 Au    1  3d1-         1.097000     1.000000
              2 -3d1-  
    2.8 Au    1  3d1-         0.318000     1.000000
              2 -3d1-  
    3.8 Au    1  4f2-         0.761000     1.000000
              2  4f2-  
    4.8 Au    3  2py          1.407000     1.000000
              4 -2py   
              5 -2py   
              6  2py   
    5.8 Au    3  2py          0.388000     1.000000
              4 -2py   
              5 -2py   
              6  2py   
    6.8 Au    3  3d1-         1.057000     1.000000
              4  3d1-  
              5 -3d1-  
              6 -3d1-  
    7.8 Au    3  3d2-         1.057000     1.000000
              4 -3d2-  
              5  3d2-  
              6 -3d2-  

 NUCLEAR CHARGE:                   16
 NUMBER OF PRIMITIVE AOS:         162
 NUMBER OF SYMMETRY AOS:          148
 NUMBER OF CONTRACTIONS:          116   (   23Ag  +   23B3u +   11B2u +   11B1g +   17B1u +   17B2g +    7B3g +    7Au  )
 NUMBER OF CORE ORBITALS:           2   (    1Ag  +    1B3u +    0B2u +    0B1g +    0B1u +    0B2g +    0B3g +    0Au  )
 NUMBER OF VALENCE ORBITALS:       12   (    3Ag  +    3B3u +    1B2u +    1B1g +    2B1u +    2B2g +    0B3g +    0Au  )


 NUCLEAR REPULSION ENERGY   33.42530149

 Eigenvalues of metric

         1 0.139E-02 0.542E-02 0.147E-01 0.237E-01 0.388E-01 0.528E-01 0.109E+00 0.126E+00
         2 0.803E-03 0.147E-02 0.155E-02 0.685E-02 0.188E-01 0.298E-01 0.614E-01 0.977E-01
         3 0.340E-01 0.117E+00 0.293E+00 0.386E+00 0.535E+00 0.610E+00 0.124E+01 0.143E+01
         4 0.198E-01 0.608E-01 0.926E-01 0.156E+00 0.280E+00 0.416E+00 0.693E+00 0.122E+01
         5 0.212E-02 0.967E-02 0.282E-01 0.441E-01 0.981E-01 0.131E+00 0.178E+00 0.333E+00
         6 0.102E-02 0.378E-02 0.849E-02 0.133E-01 0.469E-01 0.628E-01 0.842E-01 0.265E+00
         7 0.101E+00 0.333E+00 0.505E+00 0.904E+00 0.128E+01 0.175E+01 0.277E+01
         8 0.510E-01 0.208E+00 0.413E+00 0.630E+00 0.110E+01 0.129E+01 0.244E+01


 Contracted 2-electron integrals neglected if value below      1.0D-11
 AO integral compression algorithm  1   Integral accuracy      1.0D-11

     22.282 MB (compressed) written to integral file ( 59.4%)


 NUMBER OF SORTED TWO-ELECTRON INTEGRALS:    3048425.     BUFFER LENGTH:  32768
 NUMBER OF SEGMENTS:   1  SEGMENT LENGTH:    3048425      RECORD LENGTH: 524288

 Memory used in sort:       3.61 MW

 SORT1 READ     4714640. AND WROTE     3048425. INTEGRALS IN      9 RECORDS. CPU TIME:     0.12 SEC, REAL TIME:     0.17 SEC
 SORT2 READ     3048425. AND WROTE     3048425. INTEGRALS IN     85 RECORDS. CPU TIME:     0.21 SEC, REAL TIME:     0.27 SEC

 FILE SIZES:   FILE 1:    52.7 MBYTE,  FILE 4:    37.8 MBYTE,   TOTAL:     90.4 MBYTE

 OPERATOR DM      FOR CENTER  0  COORDINATES:    0.000000    0.000000    0.000000

 PROGRAM * RHF-SCF (CLOSED SHELL)       Authors: W. Meyer, H.-J. Werner


 NUMBER OF ELECTRONS:       8+    8-
 CONVERGENCE THRESHOLDS:    1.00E-07 (Density)    1.00E-08 (Energy)
 MAX. NUMBER OF ITERATIONS:       60
 INTERPOLATION TYPE:            DIIS
 INTERPOLATION STEPS:              2 (START)      1 (STEP)
 LEVEL SHIFTS:                  0.00 (CLOSED)  0.00 (OPEN) 

 Number of closed-shell orbitals:    8 (   3   2   1   0   1   1   0   0 )


 Molecular orbitals read from record     2100.2  Type=RHF/CANONICAL (state 1.1)

 Molecular orbital dump at record        2100.2

 ITERATION    DDIFF          GRAD             ENERGY        2-EL.EN.            DIPOLE MOMENTS         DIIS   ORB.
    1      0.000D+00      0.000D+00       -78.06389357    117.402409    0.00000    0.00000    0.00000    0    start
    2      0.000D+00      0.992D-04       -78.06389490    117.399452    0.00000    0.00000    0.00000    1    diag
    3      0.217D-03      0.185D-04       -78.06389498    117.399619    0.00000    0.00000    0.00000    2    diag
    4      0.381D-04      0.370D-05       -78.06389499    117.399303    0.00000    0.00000    0.00000    3    diag
    5      0.798D-05      0.881D-06       -78.06389499    117.399437    0.00000    0.00000    0.00000    4    diag
    6      0.168D-05      0.252D-06       -78.06389499    117.399405    0.00000    0.00000    0.00000    5    diag
    7      0.484D-06      0.405D-07       -78.06389499    117.399408    0.00000    0.00000    0.00000    6    diag
    8      0.823D-07      0.538D-08       -78.06389499    117.399407    0.00000    0.00000    0.00000    0    orth

 Final occupancy:   3   2   1   0   1   1   0   0

 !RHF STATE  1.1 Energy               -78.063894987332
 Nuclear energy                        33.42530149
 One-electron energy                 -170.18890019
 Two-electron energy                   58.69970371
 Virial quotient                       -1.00155728
 !RHF STATE  1.1 Dipole moment          0.00000000     0.00000000     0.00000000
 Dipole moment /Debye                   0.00000000     0.00000000     0.00000000

 Orbital energies:

         1.1          2.1          3.1          4.1          5.1
    -11.229159    -1.033087    -0.586806     0.159200     0.373696

         1.2          2.2          3.2          4.2
    -11.227433    -0.792106     0.187293     0.367901

         1.3          2.3          3.3
     -0.376571     0.446621     0.876626

         1.4          2.4
      0.152248     0.565626

         1.5          2.5          3.5
     -0.642936     0.190878     0.441213

         1.6          2.6          3.6
     -0.506647     0.241190     0.694558

         1.7          2.7
      0.678719     1.220641

         1.8          2.8
      0.829793     1.613625


 HOMO      1.3    -0.376571 =     -10.2470eV
 LUMO      1.4     0.152248 =       4.1429eV
 LUMO-HOMO         0.528819 =      14.3899eV


 **********************************************************************************************************************************
 DATASETS  * FILE   NREC   LENGTH (MB)   RECORD NAMES
              1      19       44.98       500      610      700      900      950      970     1000      129      960     1100   
                                          VAR    BASINP    GEOM    SYMINP    ZMAT    AOBASIS   BASIS     P2S    ABASIS      S 
                                         1400     1410     1200     1210     1080     1600     1650     1300     1700   
                                           T        V       H0       H01     AOSYM     SMH    MOLCAS    ERIS     OPER   

              2       6        3.16       700     1000      520     2100     8500     9001   
                                         GEOM     BASIS   MCVARS     RHF     CPHF    DEN_MP2    

 PROGRAMS   *        TOTAL    HF-SCF      CCSD    HF-SCF       INT
 CPU TIMES  *         7.26      1.21      3.01      0.23      1.20
 REAL TIME  *        13.47 SEC
 DISK USED  *        93.66 MB
 **********************************************************************************************************************************


 PROGRAM * CCSD (Closed-shell coupled cluster)     Authors: C. Hampel, H.-J. Werner, 1991, M. Deegan, P.J. Knowles, 1992


 Convergence thresholds:  THRVAR = 1.00D-12  THRDEN = 1.00D-08

 Using ITF CCSD gradient implementation

 Number of core orbitals:           2 (   1   1   0   0   0   0   0   0 )
 Number of closed-shell orbitals:   6 (   2   1   1   0   1   1   0   0 )
 Number of external orbitals:     108 (  20  21  10  11  16  16   7   7 )

 Molecular orbitals read from record     2100.2  Type=RHF/CANONICAL (state 1.1)

 Integral transformation finished. Total CPU:   0.05 sec, npass=  1  Memory used:   0.48 MW
  Reference energy:                   -78.063894987332

  MP2 correlation energy:              -0.335406848443
  MP2 total energy:                   -78.399301835775

 ITER.      SQ.NORM     CORR.ENERGY   TOTAL ENERGY   ENERGY CHANGE        DEN1      VAR(S)    VAR(P)  DIIS     TIME
   1      1.12494287    -0.35765114   -78.42154612    -0.02224429    -0.01242063  1.47e-03  1.94e-03  1  1     0.13
   2      1.13481251    -0.35953201   -78.42342700    -0.00188088    -0.00856382  1.67e-05  4.14e-04  2  2     0.26
   3      1.13848684    -0.35989866   -78.42379365    -0.00036665    -0.00181841  1.06e-05  7.80e-05  3  3     0.38
   4      1.14094402    -0.35993940   -78.42383439    -0.00004074    -0.00120932  1.61e-07  1.51e-05  4  4     0.51
   5      1.14203652    -0.35992696   -78.42382195     0.00001244    -0.00036610  6.58e-08  1.46e-06  5  5     0.63
   6      1.14238862    -0.35991219   -78.42380718     0.00001477    -0.00010474  1.11e-09  6.84e-08  6  0     0.74
   7      1.14244437    -0.35990753   -78.42380251     0.00000466    -0.00001531  9.57e-11  2.32e-09  6  1     0.84
   8      1.14244980    -0.35990678   -78.42380177     0.00000074    -0.00000137  3.08e-12  1.27e-10  6  2     0.94
   9      1.14245039    -0.35990670   -78.42380168     0.00000009    -0.00000016  4.18e-13  8.33e-12  6  3     1.04
  10      1.14245061    -0.35990669   -78.42380168     0.00000001     0.00000001  1.12e-14  4.03e-13           1.13

 Norm of t1 vector:      0.05231815     S-energy:     -0.00000000   T1 diagnostic:  0.01067940

 Time per iteration:                      0.11 sec

 RESULTS
 =======

  Reference energy:                   -78.063894987332
  CCSD correlation energy:             -0.359906689937
 !CCSD total energy:                  -78.423801677269

 Starting CP-CCSD iterations.   Author: W. Gyorffy (2012)

         ITER.       NRM1          NRM2     VAR1+VAR2       CPU  DIIS
 iter.     1     0.00201531     0.36540983 7.91438772e-04      0.10  1  1
 iter.     2     0.00182881     0.36278419 2.27357594e-05      0.19  2  2
 iter.     3     0.00175186     0.36223095 2.64258130e-06      0.29  3  3
 iter.     4     0.00171590     0.36211711 4.03627682e-07      0.40  4  4
 iter.     5     0.00169983     0.36211377 5.70738493e-08      0.50  5  5
 iter.     6     0.00169520     0.36212889 4.30266888e-09      0.61  6  0
 iter.     7     0.00169431     0.36213585 2.07083348e-10      0.71  6  1
 iter.     8     0.00169436     0.36213774 1.10224585e-11      0.81  6  2
 iter.     9     0.00169439     0.36213813 9.23952119e-13      0.91


 Time per iteration:                      0.10 sec


 CPHF trial vector read from record  8500.2

 Starting Coupled-perturbed Hartree-Fock, convergence threshold= 1.0D-06

 ITER   MIC  DIIS      VAR         VARC       CPU
   1     0     1    0.11D-01    0.16D-02     0.01
   2     4     2    0.12D-03    0.30D-04     0.02
   3     3     3    0.56D-05    0.94D-06     0.03
   4     2     4    0.20D-06    0.27D-07     0.04

 CPHF convergence reached in  4 macroiterations and    9 microiterations.   Accuracy: 2.0198D-07

 CPHF solution written to record  8500.2

 Dipole moments (unrelaxed):            0.00000000     0.00000000     0.00000000
 Orbital relaxation contribution:      -0.00000000    -0.00000000    -0.00000000
 !CCSD STATE  1.1 Dipole moment         0.00000000     0.00000000     0.00000000
 Dipole moment /Debye                   0.00000000     0.00000000     0.00000000

 CPU-time for coupled-perturbed hartree-fock:          0.04 sec

 Number of N-1 electron functions:               6
 Number of N-2 electron functions:              21
 Number of singly external CSFs:               103
 Number of doubly external CSFs:             28078
 Total number of CSFs:                       28182

 CCSD Gradient info saved on record        55555.1




 **********************************************************************************************************************************
 DATASETS  * FILE   NREC   LENGTH (MB)   RECORD NAMES
              1      21       52.65       500      610      700      900      950      970     1000      129      960     1100   
                                          VAR    BASINP    GEOM    SYMINP    ZMAT    AOBASIS   BASIS     P2S    ABASIS      S 
                                         1400     1410     1200     1210     1080     1600     1650     1300     1700     1380   
                                           T        V       H0       H01     AOSYM     SMH    MOLCAS    ERIS     OPER     JKOP   
                                        55555   
                                         CCSD   

              2       6        3.16       700     1000      520     2100     8500     9001   
                                         GEOM     BASIS   MCVARS     RHF     CPHF    DEN_MP2    

 PROGRAMS   *        TOTAL      CCSD      CCSD    HF-SCF       INT
 CPU TIMES  *        10.14      2.87      3.01      0.23      1.20
 REAL TIME  *        19.59 SEC
 DISK USED  *        93.66 MB
 **********************************************************************************************************************************

 PROGRESS OF GEOMETRY OPTIMIZATION.    TOTAL CPU:         5.6 SEC
   1   -78.42379332   -78.42380168    -0.00000835  0.00332656  0.00347777  0.00028981  0.00820057  0.00849906  0.00346973

 **********************************************************************************************************************************

 Current geometry (xyz format, in Angstrom)

    6
 CCSD/CC-PVTZ  ENERGY=-78.42380168
 C          0.6657907173        0.0000000000        0.0000000000
 C         -0.6657907173        0.0000000000        0.0000000000
 H          1.2300930732        0.0000000000        0.9222406995
 H          1.2300930732        0.0000000000       -0.9222406995
 H         -1.2300930732        0.0000000000        0.9222406995
 H         -1.2300930732        0.0000000000       -0.9222406995

 **********************************************************************************************************************************

 PROGRAM * ALASKA (Gradient of the energy)     Author: R. Lindh


 CCSD Gradient info restored from record   55555.1

 Number of core orbitals:           2 (   1   1   0   0   0   0   0   0 )
 Number of closed-shell orbitals:   6 (   2   1   1   0   1   1   0   0 )
 Number of external orbitals:     108 (  20  21  10  11  16  16   7   7 )

 Integral thresholds in T2TRAN:            1.0D-10 (PROD)

 Available memory for Transformation:   5025485 words
 Memory needed for incore algorithm:     653806 words
 Minimum memory needed:                  423250 words

 Memory used for transformation:           0.98 MW
 Available memory for gradients:           6.04 MW

 CPU for transformation:                   0.20 sec
 CPU for integrals and gradient:           1.36 sec
 Total CPU:                                1.56 sec

 Prescreening statistics:
 ========================

 Total number of shell quadruplets:        4.06D+02
 Number of shell quadruplets processed:    4.06D+02 (100.00%)

 CCSD GRADIENT FOR STATE 1.1

 Atom          dE/dx               dE/dy               dE/dz

   1         0.000830649         0.000000000         0.000000000
   2        -0.000830649         0.000000000         0.000000000
   3        -0.000227925         0.000000000        -0.000129806
   4        -0.000227925         0.000000000         0.000129806
   5         0.000227925         0.000000000        -0.000129806
   6         0.000227925         0.000000000         0.000129806

 Nuclear force contribution to virial =        -0.000933989
 Reading points  1 to  2 from record 700.2,  wavefunction type=CCSD            

 Making model hessian for cartesian coordinates
 BFGS update of hessian using  1 points

 Entering Rational Function Geometry Optimization

 Optimization point  2

 Variable                      Last           Current        Next           Gradient       Hessian
 E(CCSD) / Hartree         -78.42379332   -78.42380168   -78.42380257
 GX1 / ANGSTROM              0.66601756     0.66579072     0.66559822     0.00156970    -0.00000000
 GY1 / ANGSTROM              0.00000000     0.00000000     0.00000000     0.00000000    -0.00000000
 GZ1 / ANGSTROM              0.00000000     0.00000000     0.00000000     0.00000000    -0.00000000
 GX2 / ANGSTROM             -0.66601756    -0.66579072    -0.66559822    -0.00156970    -0.00000000
 GY2 / ANGSTROM              0.00000000     0.00000000     0.00000000     0.00000000     0.00000000
 GZ2 / ANGSTROM              0.00000000     0.00000000    -0.00000000     0.00000000     0.00000000
 GX3 / ANGSTROM              1.22792695     1.23009307     1.23088589    -0.00043072     0.06089012
 GY3 / ANGSTROM              0.00000000     0.00000000     0.00000000     0.00000000     0.20544983
 GZ3 / ANGSTROM              0.92282299     0.92224070     0.92205582    -0.00024530     0.34132899
 GX4 / ANGSTROM              1.22792695     1.23009307     1.23088589    -0.00043072     0.64340967
 GY4 / ANGSTROM              0.00000000     0.00000000     0.00000000     0.00000000     0.66137888
 GZ4 / ANGSTROM             -0.92282299    -0.92224070    -0.92205582     0.00024530     1.48531616
 GX5 / ANGSTROM             -1.22792695    -1.23009307    -1.23088589     0.00043072     3.01506646
 GY5 / ANGSTROM              0.00000000     0.00000000     0.00000000     0.00000000     3.57225850
 GZ5 / ANGSTROM              0.92282299     0.92224070     0.92205582    -0.00024530     4.40560479
 GX6 / ANGSTROM             -1.22792695    -1.23009307    -1.23088589     0.00043072     5.35641417
 GY6 / ANGSTROM              0.00000000     0.00000000     0.00000000     0.00000000     7.33026791
 GZ6 / ANGSTROM             -0.92282299    -0.92224070    -0.92205582     0.00024530     9.09588982
 Convergence:                0.00000000  (line search)     0.00311953     0.00128653  (total)

 Geometry written to block  3 of record 700


 Recomputing integrals since geometry changed


 PROGRAM * SEWARD (Integral evaluation for generally contracted gaussian basis sets)     Author: Roland Lindh, 1990

 Geometry written to block  3 of record 700


 Point group  D2h 



 ATOMIC COORDINATES

 NR  ATOM    CHARGE       X              Y              Z

   1  C       6.00    1.257798337    0.000000000    0.000000000
   2  C       6.00   -1.257798337    0.000000000    0.000000000
   3  H       1.00    2.326037230    0.000000000    1.742432980
   4  H       1.00    2.326037230    0.000000000   -1.742432980
   5  H       1.00   -2.326037230    0.000000000    1.742432980
   6  H       1.00   -2.326037230    0.000000000   -1.742432980

 Bond lengths in Bohr (Angstrom)

 1-2  2.515596674  1-3  2.043821671  1-4  2.043821671  2-5  2.043821671  2-6  2.043821671
     ( 1.331196432)     ( 1.081543851)     ( 1.081543851)     ( 1.081543851)     ( 1.081543851)

 Bond angles

  1-2-5  121.51134392   1-2-6  121.51134392   2-1-3  121.51134392   2-1-4  121.51134392

  3-1-4  116.97731216   5-2-6  116.97731216


 BASIS DATA

   Nr Sym  Nuc  Type         Exponents   Contraction coefficients

    1.1 Ag    1  1s        8236.000000     0.000531   -0.000113    0.000000    0.000000
    2.1 Ag    2  1s        1235.000000     0.004108   -0.000878    0.000000    0.000000
    3.1 Ag                  280.800000     0.021087   -0.004540    0.000000    0.000000
    4.1 Ag                   79.270000     0.081853   -0.018133    0.000000    0.000000
                             25.590000     0.234817   -0.055760    0.000000    0.000000
                              8.997000     0.434401   -0.126895    0.000000    0.000000
                              3.319000     0.346129   -0.170352    0.000000    0.000000
                              0.905900     0.039378    0.140382    1.000000    0.000000
                              0.364300    -0.008983    0.598684    0.000000    0.000000
                              0.128500     0.002385    0.395389    0.000000    1.000000
    5.1 Ag    1  2px         18.710000     0.014031    0.000000    0.000000
    6.1 Ag    2 -2px          4.133000     0.086866    0.000000    0.000000
    7.1 Ag                    1.200000     0.290216    0.000000    0.000000
                              0.382700     0.501008    1.000000    0.000000
                              0.120900     0.343406    0.000000    1.000000
    8.1 Ag    1  3d0          1.097000     1.000000
              2  3d0   
    9.1 Ag    1  3d2+         1.097000     1.000000
              2  3d2+  
   10.1 Ag    1  3d0          0.318000     1.000000
              2  3d0   
   11.1 Ag    1  3d2+         0.318000     1.000000
              2  3d2+  
   12.1 Ag    1  4f1+         0.761000     1.000000
              2 -4f1+  
   13.1 Ag    1  4f3+         0.761000     1.000000
              2 -4f3+  
   14.1 Ag    3  1s          33.870000     0.006068    0.000000    0.000000
   15.1 Ag    4  1s           5.095000     0.045308    0.000000    0.000000
   16.1 Ag    5  1s           1.159000     0.202822    0.000000    0.000000
              6  1s           0.325800     0.503903    1.000000    0.000000
                              0.102700     0.383421    0.000000    1.000000
   17.1 Ag    3  2px          1.407000     1.000000
              4  2px   
              5 -2px   
              6 -2px   
   18.1 Ag    3  2pz          1.407000     1.000000
              4 -2pz   
              5  2pz   
              6 -2pz   
   19.1 Ag    3  2px          0.388000     1.000000
              4  2px   
              5 -2px   
              6 -2px   
   20.1 Ag    3  2pz          0.388000     1.000000
              4 -2pz   
              5  2pz   
              6 -2pz   
   21.1 Ag    3  3d0          1.057000     1.000000
              4  3d0   
              5  3d0   
              6  3d0   
   22.1 Ag    3  3d2+         1.057000     1.000000
              4  3d2+  
              5  3d2+  
              6  3d2+  
   23.1 Ag    3  3d1+         1.057000     1.000000
              4 -3d1+  
              5 -3d1+  
              6  3d1+  
    1.2 B3u   1  1s        8236.000000     0.000531   -0.000113    0.000000    0.000000
    2.2 B3u   2 -1s        1235.000000     0.004108   -0.000878    0.000000    0.000000
    3.2 B3u                 280.800000     0.021087   -0.004540    0.000000    0.000000
    4.2 B3u                  79.270000     0.081853   -0.018133    0.000000    0.000000
                             25.590000     0.234817   -0.055760    0.000000    0.000000
                              8.997000     0.434401   -0.126895    0.000000    0.000000
                              3.319000     0.346129   -0.170352    0.000000    0.000000
                              0.905900     0.039378    0.140382    1.000000    0.000000
                              0.364300    -0.008983    0.598684    0.000000    0.000000
                              0.128500     0.002385    0.395389    0.000000    1.000000
    5.2 B3u   1  2px         18.710000     0.014031    0.000000    0.000000
    6.2 B3u   2  2px          4.133000     0.086866    0.000000    0.000000
    7.2 B3u                   1.200000     0.290216    0.000000    0.000000
                              0.382700     0.501008    1.000000    0.000000
                              0.120900     0.343406    0.000000    1.000000
    8.2 B3u   1  3d0          1.097000     1.000000
              2 -3d0   
    9.2 B3u   1  3d2+         1.097000     1.000000
              2 -3d2+  
   10.2 B3u   1  3d0          0.318000     1.000000
              2 -3d0   
   11.2 B3u   1  3d2+         0.318000     1.000000
              2 -3d2+  
   12.2 B3u   1  4f1+         0.761000     1.000000
              2  4f1+  
   13.2 B3u   1  4f3+         0.761000     1.000000
              2  4f3+  
   14.2 B3u   3  1s          33.870000     0.006068    0.000000    0.000000
   15.2 B3u   4  1s           5.095000     0.045308    0.000000    0.000000
   16.2 B3u   5 -1s           1.159000     0.202822    0.000000    0.000000
              6 -1s           0.325800     0.503903    1.000000    0.000000
                              0.102700     0.383421    0.000000    1.000000
   17.2 B3u   3  2px          1.407000     1.000000
              4  2px   
              5  2px   
              6  2px   
   18.2 B3u   3  2pz          1.407000     1.000000
              4 -2pz   
              5 -2pz   
              6  2pz   
   19.2 B3u   3  2px          0.388000     1.000000
              4  2px   
              5  2px   
              6  2px   
   20.2 B3u   3  2pz          0.388000     1.000000
              4 -2pz   
              5 -2pz   
              6  2pz   
   21.2 B3u   3  3d0          1.057000     1.000000
              4  3d0   
              5 -3d0   
              6 -3d0   
   22.2 B3u   3  3d2+         1.057000     1.000000
              4  3d2+  
              5 -3d2+  
              6 -3d2+  
   23.2 B3u   3  3d1+         1.057000     1.000000
              4 -3d1+  
              5  3d1+  
              6 -3d1+  
    1.3 B2u   1  2py         18.710000     0.014031    0.000000    0.000000
    2.3 B2u   2  2py          4.133000     0.086866    0.000000    0.000000
    3.3 B2u                   1.200000     0.290216    0.000000    0.000000
                              0.382700     0.501008    1.000000    0.000000
                              0.120900     0.343406    0.000000    1.000000
    4.3 B2u   1  3d2-         1.097000     1.000000
              2 -3d2-  
    5.3 B2u   1  3d2-         0.318000     1.000000
              2 -3d2-  
    6.3 B2u   1  4f1-         0.761000     1.000000
              2  4f1-  
    7.3 B2u   1  4f3-         0.761000     1.000000
              2  4f3-  
    8.3 B2u   3  2py          1.407000     1.000000
              4  2py   
              5  2py   
              6  2py   
    9.3 B2u   3  2py          0.388000     1.000000
              4  2py   
              5  2py   
              6  2py   
   10.3 B2u   3  3d2-         1.057000     1.000000
              4  3d2-  
              5 -3d2-  
              6 -3d2-  
   11.3 B2u   3  3d1-         1.057000     1.000000
              4 -3d1-  
              5  3d1-  
              6 -3d1-  
    1.4 B1g   1  2py         18.710000     0.014031    0.000000    0.000000
    2.4 B1g   2 -2py          4.133000     0.086866    0.000000    0.000000
    3.4 B1g                   1.200000     0.290216    0.000000    0.000000
                              0.382700     0.501008    1.000000    0.000000
                              0.120900     0.343406    0.000000    1.000000
    4.4 B1g   1  3d2-         1.097000     1.000000
              2  3d2-  
    5.4 B1g   1  3d2-         0.318000     1.000000
              2  3d2-  
    6.4 B1g   1  4f1-         0.761000     1.000000
              2 -4f1-  
    7.4 B1g   1  4f3-         0.761000     1.000000
              2 -4f3-  
    8.4 B1g   3  2py          1.407000     1.000000
              4  2py   
              5 -2py   
              6 -2py   
    9.4 B1g   3  2py          0.388000     1.000000
              4  2py   
              5 -2py   
              6 -2py   
   10.4 B1g   3  3d2-         1.057000     1.000000
              4  3d2-  
              5  3d2-  
              6  3d2-  
   11.4 B1g   3  3d1-         1.057000     1.000000
              4 -3d1-  
              5 -3d1-  
              6  3d1-  
    1.5 B1u   1  2pz         18.710000     0.014031    0.000000    0.000000
    2.5 B1u   2  2pz          4.133000     0.086866    0.000000    0.000000
    3.5 B1u                   1.200000     0.290216    0.000000    0.000000
                              0.382700     0.501008    1.000000    0.000000
                              0.120900     0.343406    0.000000    1.000000
    4.5 B1u   1  3d1+         1.097000     1.000000
              2 -3d1+  
    5.5 B1u   1  3d1+         0.318000     1.000000
              2 -3d1+  
    6.5 B1u   1  4f0          0.761000     1.000000
              2  4f0   
    7.5 B1u   1  4f2+         0.761000     1.000000
              2  4f2+  
    8.5 B1u   3  1s          33.870000     0.006068    0.000000    0.000000
    9.5 B1u   4 -1s           5.095000     0.045308    0.000000    0.000000
   10.5 B1u   5  1s           1.159000     0.202822    0.000000    0.000000
              6 -1s           0.325800     0.503903    1.000000    0.000000
                              0.102700     0.383421    0.000000    1.000000
   11.5 B1u   3  2pz          1.407000     1.000000
              4  2pz   
              5  2pz   
              6  2pz   
   12.5 B1u   3  2px          1.407000     1.000000
              4 -2px   
              5 -2px   
              6  2px   
   13.5 B1u   3  2pz          0.388000     1.000000
              4  2pz   
              5  2pz   
              6  2pz   
   14.5 B1u   3  2px          0.388000     1.000000
              4 -2px   
              5 -2px   
              6  2px   
   15.5 B1u   3  3d1+         1.057000     1.000000
              4  3d1+  
              5 -3d1+  
              6 -3d1+  
   16.5 B1u   3  3d0          1.057000     1.000000
              4 -3d0   
              5  3d0   
              6 -3d0   
   17.5 B1u   3  3d2+         1.057000     1.000000
              4 -3d2+  
              5  3d2+  
              6 -3d2+  
    1.6 B2g   1  2pz         18.710000     0.014031    0.000000    0.000000
    2.6 B2g   2 -2pz          4.133000     0.086866    0.000000    0.000000
    3.6 B2g                   1.200000     0.290216    0.000000    0.000000
                              0.382700     0.501008    1.000000    0.000000
                              0.120900     0.343406    0.000000    1.000000
    4.6 B2g   1  3d1+         1.097000     1.000000
              2  3d1+  
    5.6 B2g   1  3d1+         0.318000     1.000000
              2  3d1+  
    6.6 B2g   1  4f0          0.761000     1.000000
              2 -4f0   
    7.6 B2g   1  4f2+         0.761000     1.000000
              2 -4f2+  
    8.6 B2g   3  1s          33.870000     0.006068    0.000000    0.000000
    9.6 B2g   4 -1s           5.095000     0.045308    0.000000    0.000000
   10.6 B2g   5 -1s           1.159000     0.202822    0.000000    0.000000
              6  1s           0.325800     0.503903    1.000000    0.000000
                              0.102700     0.383421    0.000000    1.000000
   11.6 B2g   3  2pz          1.407000     1.000000
              4  2pz   
              5 -2pz   
              6 -2pz   
   12.6 B2g   3  2px          1.407000     1.000000
              4 -2px   
              5  2px   
              6 -2px   
   13.6 B2g   3  2pz          0.388000     1.000000
              4  2pz   
              5 -2pz   
              6 -2pz   
   14.6 B2g   3  2px          0.388000     1.000000
              4 -2px   
              5  2px   
              6 -2px   
   15.6 B2g   3  3d1+         1.057000     1.000000
              4  3d1+  
              5  3d1+  
              6  3d1+  
   16.6 B2g   3  3d0          1.057000     1.000000
              4 -3d0   
              5 -3d0   
              6  3d0   
   17.6 B2g   3  3d2+         1.057000     1.000000
              4 -3d2+  
              5 -3d2+  
              6  3d2+  
    1.7 B3g   1  3d1-         1.097000     1.000000
              2  3d1-  
    2.7 B3g   1  3d1-         0.318000     1.000000
              2  3d1-  
    3.7 B3g   1  4f2-         0.761000     1.000000
              2 -4f2-  
    4.7 B3g   3  2py          1.407000     1.000000
              4 -2py   
              5  2py   
              6 -2py   
    5.7 B3g   3  2py          0.388000     1.000000
              4 -2py   
              5  2py   
              6 -2py   
    6.7 B3g   3  3d1-         1.057000     1.000000
              4  3d1-  
              5  3d1-  
              6  3d1-  
    7.7 B3g   3  3d2-         1.057000     1.000000
              4 -3d2-  
              5 -3d2-  
              6  3d2-  
    1.8 Au    1  3d1-         1.097000     1.000000
              2 -3d1-  
    2.8 Au    1  3d1-         0.318000     1.000000
              2 -3d1-  
    3.8 Au    1  4f2-         0.761000     1.000000
              2  4f2-  
    4.8 Au    3  2py          1.407000     1.000000
              4 -2py   
              5 -2py   
              6  2py   
    5.8 Au    3  2py          0.388000     1.000000
              4 -2py   
              5 -2py   
              6  2py   
    6.8 Au    3  3d1-         1.057000     1.000000
              4  3d1-  
              5 -3d1-  
              6 -3d1-  
    7.8 Au    3  3d2-         1.057000     1.000000
              4 -3d2-  
              5  3d2-  
              6 -3d2-  

 NUCLEAR CHARGE:                   16
 NUMBER OF PRIMITIVE AOS:         162
 NUMBER OF SYMMETRY AOS:          148
 NUMBER OF CONTRACTIONS:          116   (   23Ag  +   23B3u +   11B2u +   11B1g +   17B1u +   17B2g +    7B3g +    7Au  )
 NUMBER OF CORE ORBITALS:           2   (    1Ag  +    1B3u +    0B2u +    0B1g +    0B1u +    0B2g +    0B3g +    0Au  )
 NUMBER OF VALENCE ORBITALS:       12   (    3Ag  +    3B3u +    1B2u +    1B1g +    2B1u +    2B2g +    0B3g +    0Au  )


 NUCLEAR REPULSION ENERGY   33.42397162

 Eigenvalues of metric

         1 0.139E-02 0.542E-02 0.147E-01 0.237E-01 0.388E-01 0.528E-01 0.110E+00 0.126E+00
         2 0.802E-03 0.147E-02 0.155E-02 0.685E-02 0.188E-01 0.298E-01 0.614E-01 0.977E-01
         3 0.340E-01 0.117E+00 0.293E+00 0.386E+00 0.535E+00 0.610E+00 0.124E+01 0.143E+01
         4 0.198E-01 0.608E-01 0.925E-01 0.156E+00 0.281E+00 0.416E+00 0.693E+00 0.122E+01
         5 0.212E-02 0.968E-02 0.282E-01 0.442E-01 0.985E-01 0.131E+00 0.178E+00 0.333E+00
         6 0.102E-02 0.378E-02 0.848E-02 0.133E-01 0.469E-01 0.629E-01 0.842E-01 0.265E+00
         7 0.101E+00 0.334E+00 0.505E+00 0.905E+00 0.128E+01 0.175E+01 0.276E+01
         8 0.511E-01 0.208E+00 0.413E+00 0.630E+00 0.110E+01 0.129E+01 0.244E+01


 Contracted 2-electron integrals neglected if value below      1.0D-11
 AO integral compression algorithm  1   Integral accuracy      1.0D-11

     22.282 MB (compressed) written to integral file ( 59.4%)


 NUMBER OF SORTED TWO-ELECTRON INTEGRALS:    3048425.     BUFFER LENGTH:  32768
 NUMBER OF SEGMENTS:   1  SEGMENT LENGTH:    3048425      RECORD LENGTH: 524288

 Memory used in sort:       3.61 MW

 SORT1 READ     4714640. AND WROTE     3048425. INTEGRALS IN      9 RECORDS. CPU TIME:     0.14 SEC, REAL TIME:     0.19 SEC
 SORT2 READ     3048425. AND WROTE     3048425. INTEGRALS IN     85 RECORDS. CPU TIME:     0.22 SEC, REAL TIME:     0.26 SEC

 FILE SIZES:   FILE 1:    52.7 MBYTE,  FILE 4:    37.8 MBYTE,   TOTAL:     90.4 MBYTE

 OPERATOR DM      FOR CENTER  0  COORDINATES:    0.000000    0.000000    0.000000

 PROGRAM * RHF-SCF (CLOSED SHELL)       Authors: W. Meyer, H.-J. Werner


 NUMBER OF ELECTRONS:       8+    8-
 CONVERGENCE THRESHOLDS:    1.00E-07 (Density)    1.00E-08 (Energy)
 MAX. NUMBER OF ITERATIONS:       60
 INTERPOLATION TYPE:            DIIS
 INTERPOLATION STEPS:              2 (START)      1 (STEP)
 LEVEL SHIFTS:                  0.00 (CLOSED)  0.00 (OPEN) 

 Number of closed-shell orbitals:    8 (   3   2   1   0   1   1   0   0 )


 Molecular orbitals read from record     2100.2  Type=RHF/CANONICAL (state 1.1)

 Molecular orbital dump at record        2100.2

 ITERATION    DDIFF          GRAD             ENERGY        2-EL.EN.            DIPOLE MOMENTS         DIIS   ORB.
    1      0.000D+00      0.000D+00       -78.06389754    117.398031    0.00000    0.00000    0.00000    0    start
    2      0.000D+00      0.459D-04       -78.06389784    117.397518    0.00000    0.00000    0.00000    1    diag
    3      0.103D-03      0.906D-05       -78.06389786    117.397107    0.00000    0.00000    0.00000    2    diag
    4      0.188D-04      0.185D-05       -78.06389786    117.397254    0.00000    0.00000    0.00000    3    diag
    5      0.390D-05      0.548D-06       -78.06389786    117.397173    0.00000    0.00000    0.00000    4    diag
    6      0.101D-05      0.127D-06       -78.06389786    117.397188    0.00000    0.00000    0.00000    5    diag
    7      0.255D-06      0.216D-07       -78.06389786    117.397187    0.00000    0.00000    0.00000    6    diag
    8      0.465D-07      0.261D-08       -78.06389786    117.397187    0.00000    0.00000    0.00000    0    orth

 Final occupancy:   3   2   1   0   1   1   0   0

 !RHF STATE  1.1 Energy               -78.063897862898
 Nuclear energy                        33.42397162
 One-electron energy                 -170.18646315
 Two-electron energy                   58.69859367
 Virial quotient                       -1.00157069
 !RHF STATE  1.1 Dipole moment          0.00000000     0.00000000     0.00000000
 Dipole moment /Debye                   0.00000000     0.00000000     0.00000000

 Orbital energies:

         1.1          2.1          3.1          4.1          5.1
    -11.229215    -1.033115    -0.587060     0.159195     0.373801

         1.2          2.2          3.2          4.2
    -11.227485    -0.792052     0.187211     0.368032

         1.3          2.3          3.3
     -0.376683     0.446565     0.876455

         1.4          2.4
      0.152306     0.565663

         1.5          2.5          3.5
     -0.642675     0.190881     0.440915

         1.6          2.6          3.6
     -0.506353     0.241222     0.694581

         1.7          2.7
      0.678773     1.220232

         1.8          2.8
      0.829778     1.613310


 HOMO      1.3    -0.376683 =     -10.2501eV
 LUMO      1.4     0.152306 =       4.1445eV
 LUMO-HOMO         0.528989 =      14.3945eV


 **********************************************************************************************************************************
 DATASETS  * FILE   NREC   LENGTH (MB)   RECORD NAMES
              1      19       44.98       500      610      700      900      950      970     1000      129      960     1100   
                                          VAR    BASINP    GEOM    SYMINP    ZMAT    AOBASIS   BASIS     P2S    ABASIS      S 
                                         1400     1410     1200     1210     1080     1600     1650     1300     1700   
                                           T        V       H0       H01     AOSYM     SMH    MOLCAS    ERIS     OPER   

              2       6        3.16       700     1000      520     2100     8500     9001   
                                         GEOM     BASIS   MCVARS     RHF     CPHF    DEN_MP2    

 PROGRAMS   *        TOTAL    HF-SCF      CCSD    HF-SCF       INT
 CPU TIMES  *        13.24      1.42      3.01      0.23      1.20
 REAL TIME  *        26.64 SEC
 DISK USED  *        93.66 MB
 **********************************************************************************************************************************


 PROGRAM * CCSD (Closed-shell coupled cluster)     Authors: C. Hampel, H.-J. Werner, 1991, M. Deegan, P.J. Knowles, 1992


 Convergence thresholds:  THRVAR = 1.00D-12  THRDEN = 1.00D-08

 Using ITF CCSD gradient implementation

 Number of core orbitals:           2 (   1   1   0   0   0   0   0   0 )
 Number of closed-shell orbitals:   6 (   2   1   1   0   1   1   0   0 )
 Number of external orbitals:     108 (  20  21  10  11  16  16   7   7 )

 Molecular orbitals read from record     2100.2  Type=RHF/CANONICAL (state 1.1)

 Integral transformation finished. Total CPU:   0.04 sec, npass=  1  Memory used:   0.48 MW
  Reference energy:                   -78.063897862898

  MP2 correlation energy:              -0.335399232516
  MP2 total energy:                   -78.399297095415

 ITER.      SQ.NORM     CORR.ENERGY   TOTAL ENERGY   ENERGY CHANGE        DEN1      VAR(S)    VAR(P)  DIIS     TIME
   1      1.12494823    -0.35764845   -78.42154631    -0.02224922    -0.01242512  1.47e-03  1.94e-03  1  1     0.13
   2      1.13481715    -0.35952993   -78.42342779    -0.00188148    -0.00856398  1.67e-05  4.14e-04  2  2     0.26
   3      1.13849175    -0.35989676   -78.42379463    -0.00036684    -0.00181943  1.06e-05  7.80e-05  3  3     0.38
   4      1.14094797    -0.35993742   -78.42383529    -0.00004066    -0.00120943  1.61e-07  1.51e-05  4  4     0.50
   5      1.14203947    -0.35992498   -78.42382284     0.00001245    -0.00036604  6.58e-08  1.46e-06  5  5     0.63
   6      1.14239101    -0.35991021   -78.42380807     0.00001477    -0.00010466  1.11e-09  6.84e-08  6  0     0.75
   7      1.14244669    -0.35990555   -78.42380341     0.00000466    -0.00001530  9.56e-11  2.33e-09  6  1     0.88
   8      1.14245212    -0.35990481   -78.42380267     0.00000074    -0.00000137  3.08e-12  1.27e-10  6  2     1.01
   9      1.14245271    -0.35990472   -78.42380258     0.00000009    -0.00000016  4.17e-13  8.34e-12  6  3     1.13
  10      1.14245293    -0.35990472   -78.42380258     0.00000001     0.00000001  1.12e-14  4.04e-13           1.25

 Norm of t1 vector:      0.05229249     S-energy:     -0.00000000   T1 diagnostic:  0.01067416

 Time per iteration:                      0.12 sec

 RESULTS
 =======

  Reference energy:                   -78.063897862898
  CCSD correlation energy:             -0.359904715836
 !CCSD total energy:                  -78.423802578734

 Starting CP-CCSD iterations.   Author: W. Gyorffy (2012)

         ITER.       NRM1          NRM2     VAR1+VAR2       CPU  DIIS
 iter.     1     0.00201280     0.36542442 7.91036083e-04      0.12  1  1
 iter.     2     0.00182652     0.36279836 2.27248425e-05      0.24  2  2
 iter.     3     0.00174968     0.36224509 2.64024286e-06      0.35  3  3
 iter.     4     0.00171378     0.36213113 4.03081958e-07      0.46  4  4
 iter.     5     0.00169774     0.36212767 5.69800976e-08      0.56  5  5
 iter.     6     0.00169313     0.36214274 4.29974337e-09      0.66  6  0
 iter.     7     0.00169223     0.36214967 2.07084945e-10      0.76  6  1
 iter.     8     0.00169228     0.36215156 1.10300974e-11      0.86  6  2
 iter.     9     0.00169231     0.36215196 9.25478603e-13      0.97


 Time per iteration:                      0.11 sec


 CPHF trial vector read from record  8500.2

 Starting Coupled-perturbed Hartree-Fock, convergence threshold= 1.0D-06

 ITER   MIC  DIIS      VAR         VARC       CPU
   1     0     1    0.11D-01    0.16D-02     0.01
   2     4     2    0.12D-03    0.30D-04     0.01
   3     3     3    0.56D-05    0.94D-06     0.02
   4     2     4    0.20D-06    0.27D-07     0.03

 CPHF convergence reached in  4 macroiterations and    9 microiterations.   Accuracy: 2.0407D-07

 CPHF solution written to record  8500.2

 Dipole moments (unrelaxed):            0.00000000     0.00000000     0.00000000
 Orbital relaxation contribution:      -0.00000000    -0.00000000    -0.00000000
 !CCSD STATE  1.1 Dipole moment         0.00000000     0.00000000     0.00000000
 Dipole moment /Debye                   0.00000000     0.00000000     0.00000000

 CPU-time for coupled-perturbed hartree-fock:          0.03 sec

 Number of N-1 electron functions:               6
 Number of N-2 electron functions:              21
 Number of singly external CSFs:               103
 Number of doubly external CSFs:             28078
 Total number of CSFs:                       28182

 CCSD Gradient info saved on record        55555.1




 **********************************************************************************************************************************
 DATASETS  * FILE   NREC   LENGTH (MB)   RECORD NAMES
              1      21       52.65       500      610      700      900      950      970     1000      129      960     1100   
                                          VAR    BASINP    GEOM    SYMINP    ZMAT    AOBASIS   BASIS     P2S    ABASIS      S 
                                         1400     1410     1200     1210     1080     1600     1650     1300     1700     1380   
                                           T        V       H0       H01     AOSYM     SMH    MOLCAS    ERIS     OPER     JKOP   
                                        55555   
                                         CCSD   

              2       6        3.16       700     1000      520     2100     8500     9001   
                                         GEOM     BASIS   MCVARS     RHF     CPHF    DEN_MP2    

 PROGRAMS   *        TOTAL      CCSD      CCSD    HF-SCF       INT
 CPU TIMES  *        16.22      2.96      3.01      0.23      1.20
 REAL TIME  *        31.97 SEC
 DISK USED  *        93.66 MB
 **********************************************************************************************************************************

 PROGRESS OF GEOMETRY OPTIMIZATION.    TOTAL CPU:        11.7 SEC
   1   -78.42379332   -78.42380168    -0.00000835  0.00332656  0.00347777  0.00028981  0.00820057  0.00849906  0.00346973
   2   -78.42380168   -78.42380258    -0.00000090  0.00126109  0.00128653  0.00010721  0.00292798  0.00311953  0.00127354

 **********************************************************************************************************************************

 Current geometry (xyz format, in Angstrom)

    6
 CCSD/CC-PVTZ  ENERGY=-78.42380258
 C          0.6655982160        0.0000000000        0.0000000000
 C         -0.6655982160        0.0000000000        0.0000000000
 H          1.2308858939        0.0000000000        0.9220558247
 H          1.2308858939        0.0000000000       -0.9220558247
 H         -1.2308858939        0.0000000000        0.9220558247
 H         -1.2308858939        0.0000000000       -0.9220558247

 **********************************************************************************************************************************

 PROGRAM * ALASKA (Gradient of the energy)     Author: R. Lindh


 CCSD Gradient info restored from record   55555.1

 Number of core orbitals:           2 (   1   1   0   0   0   0   0   0 )
 Number of closed-shell orbitals:   6 (   2   1   1   0   1   1   0   0 )
 Number of external orbitals:     108 (  20  21  10  11  16  16   7   7 )

 Integral thresholds in T2TRAN:            1.0D-10 (PROD)

 Available memory for Transformation:   5025485 words
 Memory needed for incore algorithm:     653806 words
 Minimum memory needed:                  423250 words

 Memory used for transformation:           0.98 MW
 Available memory for gradients:           6.04 MW

 CPU for transformation:                   0.22 sec
 CPU for integrals and gradient:           1.26 sec
 Total CPU:                                1.48 sec

 Prescreening statistics:
 ========================

 Total number of shell quadruplets:        4.06D+02
 Number of shell quadruplets processed:    4.06D+02 (100.00%)

 CCSD GRADIENT FOR STATE 1.1

 Atom          dE/dx               dE/dy               dE/dz

   1         0.000037120         0.000000000         0.000000000
   2        -0.000037120         0.000000000         0.000000000
   3         0.000001846         0.000000000        -0.000001885
   4         0.000001846         0.000000000         0.000001885
   5        -0.000001846         0.000000000        -0.000001885
   6        -0.000001846         0.000000000         0.000001885

 Nuclear force contribution to virial =         0.000097416
 Reading points  1 to  3 from record 700.2,  wavefunction type=CCSD            

 Making model hessian for cartesian coordinates
 BFGS update of hessian using  2 points

 Entering Rational Function Geometry Optimization

 Optimization point  3

 Variable                      Last           Current        Next           Gradient       Hessian
 E(CCSD) / Hartree         -78.42380168   -78.42380258   -78.42380258
 GX1 / ANGSTROM              0.66579072     0.66559822     0.66558397     0.00007015    -0.00000000
 GY1 / ANGSTROM              0.00000000     0.00000000     0.00000000     0.00000000    -0.00000000
 GZ1 / ANGSTROM              0.00000000     0.00000000    -0.00000000     0.00000000    -0.00000000
 GX2 / ANGSTROM             -0.66579072    -0.66559822    -0.66558397    -0.00007015    -0.00000000
 GY2 / ANGSTROM              0.00000000     0.00000000     0.00000000     0.00000000    -0.00000000
 GZ2 / ANGSTROM              0.00000000    -0.00000000     0.00000000     0.00000000     0.00000000
 GX3 / ANGSTROM              1.23009307     1.23088589     1.23086539     0.00000349     0.06075239
 GY3 / ANGSTROM              0.00000000     0.00000000     0.00000000     0.00000000     0.20537729
 GZ3 / ANGSTROM              0.92224070     0.92205582     0.92206222    -0.00000356     0.34077749
 GX4 / ANGSTROM              1.23009307     1.23088589     1.23086539     0.00000349     0.64367435
 GY4 / ANGSTROM              0.00000000     0.00000000     0.00000000     0.00000000     0.65953972
 GZ4 / ANGSTROM             -0.92224070    -0.92205582    -0.92206222     0.00000356     1.48351478
 GX5 / ANGSTROM             -1.23009307    -1.23088589    -1.23086539    -0.00000349     3.01422258
 GY5 / ANGSTROM              0.00000000     0.00000000     0.00000000     0.00000000     3.56538906
 GZ5 / ANGSTROM              0.92224070     0.92205582     0.92206222    -0.00000356     4.39820996
 GX6 / ANGSTROM             -1.23009307    -1.23088589    -1.23086539    -0.00000349     5.34983398
 GY6 / ANGSTROM              0.00000000     0.00000000     0.00000000     0.00000000     7.33554867
 GZ6 / ANGSTROM             -0.92224070    -0.92205582    -0.92206222     0.00000356     9.09368433
 Convergence:                0.00000000  (line search)     0.00008967     0.00005276  (total)

 Geometry written to block  4 of record 700


 Recomputing integrals since geometry changed


 PROGRAM * SEWARD (Integral evaluation for generally contracted gaussian basis sets)     Author: Roland Lindh, 1990

 Geometry written to block  4 of record 700


 Point group  D2h 



 ATOMIC COORDINATES

 NR  ATOM    CHARGE       X              Y              Z

   1  C       6.00    1.257771409    0.000000000    0.000000000
   2  C       6.00   -1.257771409    0.000000000    0.000000000
   3  H       1.00    2.325998484    0.000000000    1.742445070
   4  H       1.00    2.325998484    0.000000000   -1.742445070
   5  H       1.00   -2.325998484    0.000000000    1.742445070
   6  H       1.00   -2.325998484    0.000000000   -1.742445070

 Bond lengths in Bohr (Angstrom)

 1-2  2.515542818  1-3  2.043825802  1-4  2.043825802  2-5  2.043825802  2-6  2.043825802
     ( 1.331167933)     ( 1.081546037)     ( 1.081546037)     ( 1.081546037)     ( 1.081546037)

 Bond angles

  1-2-5  121.51088433   1-2-6  121.51088433   2-1-3  121.51088433   2-1-4  121.51088433

  3-1-4  116.97823134   5-2-6  116.97823134


 BASIS DATA

   Nr Sym  Nuc  Type         Exponents   Contraction coefficients

    1.1 Ag    1  1s        8236.000000     0.000531   -0.000113    0.000000    0.000000
    2.1 Ag    2  1s        1235.000000     0.004108   -0.000878    0.000000    0.000000
    3.1 Ag                  280.800000     0.021087   -0.004540    0.000000    0.000000
    4.1 Ag                   79.270000     0.081853   -0.018133    0.000000    0.000000
                             25.590000     0.234817   -0.055760    0.000000    0.000000
                              8.997000     0.434401   -0.126895    0.000000    0.000000
                              3.319000     0.346129   -0.170352    0.000000    0.000000
                              0.905900     0.039378    0.140382    1.000000    0.000000
                              0.364300    -0.008983    0.598684    0.000000    0.000000
                              0.128500     0.002385    0.395389    0.000000    1.000000
    5.1 Ag    1  2px         18.710000     0.014031    0.000000    0.000000
    6.1 Ag    2 -2px          4.133000     0.086866    0.000000    0.000000
    7.1 Ag                    1.200000     0.290216    0.000000    0.000000
                              0.382700     0.501008    1.000000    0.000000
                              0.120900     0.343406    0.000000    1.000000
    8.1 Ag    1  3d0          1.097000     1.000000
              2  3d0   
    9.1 Ag    1  3d2+         1.097000     1.000000
              2  3d2+  
   10.1 Ag    1  3d0          0.318000     1.000000
              2  3d0   
   11.1 Ag    1  3d2+         0.318000     1.000000
              2  3d2+  
   12.1 Ag    1  4f1+         0.761000     1.000000
              2 -4f1+  
   13.1 Ag    1  4f3+         0.761000     1.000000
              2 -4f3+  
   14.1 Ag    3  1s          33.870000     0.006068    0.000000    0.000000
   15.1 Ag    4  1s           5.095000     0.045308    0.000000    0.000000
   16.1 Ag    5  1s           1.159000     0.202822    0.000000    0.000000
              6  1s           0.325800     0.503903    1.000000    0.000000
                              0.102700     0.383421    0.000000    1.000000
   17.1 Ag    3  2px          1.407000     1.000000
              4  2px   
              5 -2px   
              6 -2px   
   18.1 Ag    3  2pz          1.407000     1.000000
              4 -2pz   
              5  2pz   
              6 -2pz   
   19.1 Ag    3  2px          0.388000     1.000000
              4  2px   
              5 -2px   
              6 -2px   
   20.1 Ag    3  2pz          0.388000     1.000000
              4 -2pz   
              5  2pz   
              6 -2pz   
   21.1 Ag    3  3d0          1.057000     1.000000
              4  3d0   
              5  3d0   
              6  3d0   
   22.1 Ag    3  3d2+         1.057000     1.000000
              4  3d2+  
              5  3d2+  
              6  3d2+  
   23.1 Ag    3  3d1+         1.057000     1.000000
              4 -3d1+  
              5 -3d1+  
              6  3d1+  
    1.2 B3u   1  1s        8236.000000     0.000531   -0.000113    0.000000    0.000000
    2.2 B3u   2 -1s        1235.000000     0.004108   -0.000878    0.000000    0.000000
    3.2 B3u                 280.800000     0.021087   -0.004540    0.000000    0.000000
    4.2 B3u                  79.270000     0.081853   -0.018133    0.000000    0.000000
                             25.590000     0.234817   -0.055760    0.000000    0.000000
                              8.997000     0.434401   -0.126895    0.000000    0.000000
                              3.319000     0.346129   -0.170352    0.000000    0.000000
                              0.905900     0.039378    0.140382    1.000000    0.000000
                              0.364300    -0.008983    0.598684    0.000000    0.000000
                              0.128500     0.002385    0.395389    0.000000    1.000000
    5.2 B3u   1  2px         18.710000     0.014031    0.000000    0.000000
    6.2 B3u   2  2px          4.133000     0.086866    0.000000    0.000000
    7.2 B3u                   1.200000     0.290216    0.000000    0.000000
                              0.382700     0.501008    1.000000    0.000000
                              0.120900     0.343406    0.000000    1.000000
    8.2 B3u   1  3d0          1.097000     1.000000
              2 -3d0   
    9.2 B3u   1  3d2+         1.097000     1.000000
              2 -3d2+  
   10.2 B3u   1  3d0          0.318000     1.000000
              2 -3d0   
   11.2 B3u   1  3d2+         0.318000     1.000000
              2 -3d2+  
   12.2 B3u   1  4f1+         0.761000     1.000000
              2  4f1+  
   13.2 B3u   1  4f3+         0.761000     1.000000
              2  4f3+  
   14.2 B3u   3  1s          33.870000     0.006068    0.000000    0.000000
   15.2 B3u   4  1s           5.095000     0.045308    0.000000    0.000000
   16.2 B3u   5 -1s           1.159000     0.202822    0.000000    0.000000
              6 -1s           0.325800     0.503903    1.000000    0.000000
                              0.102700     0.383421    0.000000    1.000000
   17.2 B3u   3  2px          1.407000     1.000000
              4  2px   
              5  2px   
              6  2px   
   18.2 B3u   3  2pz          1.407000     1.000000
              4 -2pz   
              5 -2pz   
              6  2pz   
   19.2 B3u   3  2px          0.388000     1.000000
              4  2px   
              5  2px   
              6  2px   
   20.2 B3u   3  2pz          0.388000     1.000000
              4 -2pz   
              5 -2pz   
              6  2pz   
   21.2 B3u   3  3d0          1.057000     1.000000
              4  3d0   
              5 -3d0   
              6 -3d0   
   22.2 B3u   3  3d2+         1.057000     1.000000
              4  3d2+  
              5 -3d2+  
              6 -3d2+  
   23.2 B3u   3  3d1+         1.057000     1.000000
              4 -3d1+  
              5  3d1+  
              6 -3d1+  
    1.3 B2u   1  2py         18.710000     0.014031    0.000000    0.000000
    2.3 B2u   2  2py          4.133000     0.086866    0.000000    0.000000
    3.3 B2u                   1.200000     0.290216    0.000000    0.000000
                              0.382700     0.501008    1.000000    0.000000
                              0.120900     0.343406    0.000000    1.000000
    4.3 B2u   1  3d2-         1.097000     1.000000
              2 -3d2-  
    5.3 B2u   1  3d2-         0.318000     1.000000
              2 -3d2-  
    6.3 B2u   1  4f1-         0.761000     1.000000
              2  4f1-  
    7.3 B2u   1  4f3-         0.761000     1.000000
              2  4f3-  
    8.3 B2u   3  2py          1.407000     1.000000
              4  2py   
              5  2py   
              6  2py   
    9.3 B2u   3  2py          0.388000     1.000000
              4  2py   
              5  2py   
              6  2py   
   10.3 B2u   3  3d2-         1.057000     1.000000
              4  3d2-  
              5 -3d2-  
              6 -3d2-  
   11.3 B2u   3  3d1-         1.057000     1.000000
              4 -3d1-  
              5  3d1-  
              6 -3d1-  
    1.4 B1g   1  2py         18.710000     0.014031    0.000000    0.000000
    2.4 B1g   2 -2py          4.133000     0.086866    0.000000    0.000000
    3.4 B1g                   1.200000     0.290216    0.000000    0.000000
                              0.382700     0.501008    1.000000    0.000000
                              0.120900     0.343406    0.000000    1.000000
    4.4 B1g   1  3d2-         1.097000     1.000000
              2  3d2-  
    5.4 B1g   1  3d2-         0.318000     1.000000
              2  3d2-  
    6.4 B1g   1  4f1-         0.761000     1.000000
              2 -4f1-  
    7.4 B1g   1  4f3-         0.761000     1.000000
              2 -4f3-  
    8.4 B1g   3  2py          1.407000     1.000000
              4  2py   
              5 -2py   
              6 -2py   
    9.4 B1g   3  2py          0.388000     1.000000
              4  2py   
              5 -2py   
              6 -2py   
   10.4 B1g   3  3d2-         1.057000     1.000000
              4  3d2-  
              5  3d2-  
              6  3d2-  
   11.4 B1g   3  3d1-         1.057000     1.000000
              4 -3d1-  
              5 -3d1-  
              6  3d1-  
    1.5 B1u   1  2pz         18.710000     0.014031    0.000000    0.000000
    2.5 B1u   2  2pz          4.133000     0.086866    0.000000    0.000000
    3.5 B1u                   1.200000     0.290216    0.000000    0.000000
                              0.382700     0.501008    1.000000    0.000000
                              0.120900     0.343406    0.000000    1.000000
    4.5 B1u   1  3d1+         1.097000     1.000000
              2 -3d1+  
    5.5 B1u   1  3d1+         0.318000     1.000000
              2 -3d1+  
    6.5 B1u   1  4f0          0.761000     1.000000
              2  4f0   
    7.5 B1u   1  4f2+         0.761000     1.000000
              2  4f2+  
    8.5 B1u   3  1s          33.870000     0.006068    0.000000    0.000000
    9.5 B1u   4 -1s           5.095000     0.045308    0.000000    0.000000
   10.5 B1u   5  1s           1.159000     0.202822    0.000000    0.000000
              6 -1s           0.325800     0.503903    1.000000    0.000000
                              0.102700     0.383421    0.000000    1.000000
   11.5 B1u   3  2pz          1.407000     1.000000
              4  2pz   
              5  2pz   
              6  2pz   
   12.5 B1u   3  2px          1.407000     1.000000
              4 -2px   
              5 -2px   
              6  2px   
   13.5 B1u   3  2pz          0.388000     1.000000
              4  2pz   
              5  2pz   
              6  2pz   
   14.5 B1u   3  2px          0.388000     1.000000
              4 -2px   
              5 -2px   
              6  2px   
   15.5 B1u   3  3d1+         1.057000     1.000000
              4  3d1+  
              5 -3d1+  
              6 -3d1+  
   16.5 B1u   3  3d0          1.057000     1.000000
              4 -3d0   
              5  3d0   
              6 -3d0   
   17.5 B1u   3  3d2+         1.057000     1.000000
              4 -3d2+  
              5  3d2+  
              6 -3d2+  
    1.6 B2g   1  2pz         18.710000     0.014031    0.000000    0.000000
    2.6 B2g   2 -2pz          4.133000     0.086866    0.000000    0.000000
    3.6 B2g                   1.200000     0.290216    0.000000    0.000000
                              0.382700     0.501008    1.000000    0.000000
                              0.120900     0.343406    0.000000    1.000000
    4.6 B2g   1  3d1+         1.097000     1.000000
              2  3d1+  
    5.6 B2g   1  3d1+         0.318000     1.000000
              2  3d1+  
    6.6 B2g   1  4f0          0.761000     1.000000
              2 -4f0   
    7.6 B2g   1  4f2+         0.761000     1.000000
              2 -4f2+  
    8.6 B2g   3  1s          33.870000     0.006068    0.000000    0.000000
    9.6 B2g   4 -1s           5.095000     0.045308    0.000000    0.000000
   10.6 B2g   5 -1s           1.159000     0.202822    0.000000    0.000000
              6  1s           0.325800     0.503903    1.000000    0.000000
                              0.102700     0.383421    0.000000    1.000000
   11.6 B2g   3  2pz          1.407000     1.000000
              4  2pz   
              5 -2pz   
              6 -2pz   
   12.6 B2g   3  2px          1.407000     1.000000
              4 -2px   
              5  2px   
              6 -2px   
   13.6 B2g   3  2pz          0.388000     1.000000
              4  2pz   
              5 -2pz   
              6 -2pz   
   14.6 B2g   3  2px          0.388000     1.000000
              4 -2px   
              5  2px   
              6 -2px   
   15.6 B2g   3  3d1+         1.057000     1.000000
              4  3d1+  
              5  3d1+  
              6  3d1+  
   16.6 B2g   3  3d0          1.057000     1.000000
              4 -3d0   
              5 -3d0   
              6  3d0   
   17.6 B2g   3  3d2+         1.057000     1.000000
              4 -3d2+  
              5 -3d2+  
              6  3d2+  
    1.7 B3g   1  3d1-         1.097000     1.000000
              2  3d1-  
    2.7 B3g   1  3d1-         0.318000     1.000000
              2  3d1-  
    3.7 B3g   1  4f2-         0.761000     1.000000
              2 -4f2-  
    4.7 B3g   3  2py          1.407000     1.000000
              4 -2py   
              5  2py   
              6 -2py   
    5.7 B3g   3  2py          0.388000     1.000000
              4 -2py   
              5  2py   
              6 -2py   
    6.7 B3g   3  3d1-         1.057000     1.000000
              4  3d1-  
              5  3d1-  
              6  3d1-  
    7.7 B3g   3  3d2-         1.057000     1.000000
              4 -3d2-  
              5 -3d2-  
              6  3d2-  
    1.8 Au    1  3d1-         1.097000     1.000000
              2 -3d1-  
    2.8 Au    1  3d1-         0.318000     1.000000
              2 -3d1-  
    3.8 Au    1  4f2-         0.761000     1.000000
              2  4f2-  
    4.8 Au    3  2py          1.407000     1.000000
              4 -2py   
              5 -2py   
              6  2py   
    5.8 Au    3  2py          0.388000     1.000000
              4 -2py   
              5 -2py   
              6  2py   
    6.8 Au    3  3d1-         1.057000     1.000000
              4  3d1-  
              5 -3d1-  
              6 -3d1-  
    7.8 Au    3  3d2-         1.057000     1.000000
              4 -3d2-  
              5  3d2-  
              6 -3d2-  

 NUCLEAR CHARGE:                   16
 NUMBER OF PRIMITIVE AOS:         162
 NUMBER OF SYMMETRY AOS:          148
 NUMBER OF CONTRACTIONS:          116   (   23Ag  +   23B3u +   11B2u +   11B1g +   17B1u +   17B2g +    7B3g +    7Au  )
 NUMBER OF CORE ORBITALS:           2   (    1Ag  +    1B3u +    0B2u +    0B1g +    0B1u +    0B2g +    0B3g +    0Au  )
 NUMBER OF VALENCE ORBITALS:       12   (    3Ag  +    3B3u +    1B2u +    1B1g +    2B1u +    2B2g +    0B3g +    0Au  )


 NUCLEAR REPULSION ENERGY   33.42434154

 Eigenvalues of metric

         1 0.139E-02 0.542E-02 0.147E-01 0.237E-01 0.388E-01 0.528E-01 0.110E+00 0.126E+00
         2 0.802E-03 0.147E-02 0.155E-02 0.685E-02 0.188E-01 0.298E-01 0.614E-01 0.977E-01
         3 0.340E-01 0.117E+00 0.293E+00 0.386E+00 0.535E+00 0.610E+00 0.124E+01 0.143E+01
         4 0.198E-01 0.608E-01 0.925E-01 0.156E+00 0.281E+00 0.416E+00 0.693E+00 0.122E+01
         5 0.212E-02 0.968E-02 0.282E-01 0.442E-01 0.985E-01 0.131E+00 0.178E+00 0.333E+00
         6 0.102E-02 0.378E-02 0.848E-02 0.133E-01 0.469E-01 0.629E-01 0.842E-01 0.265E+00
         7 0.101E+00 0.334E+00 0.505E+00 0.905E+00 0.128E+01 0.175E+01 0.276E+01
         8 0.511E-01 0.208E+00 0.413E+00 0.630E+00 0.110E+01 0.129E+01 0.244E+01


 Contracted 2-electron integrals neglected if value below      1.0D-11
 AO integral compression algorithm  1   Integral accuracy      1.0D-11

     22.282 MB (compressed) written to integral file ( 59.4%)


 NUMBER OF SORTED TWO-ELECTRON INTEGRALS:    3048425.     BUFFER LENGTH:  32768
 NUMBER OF SEGMENTS:   1  SEGMENT LENGTH:    3048425      RECORD LENGTH: 524288

 Memory used in sort:       3.61 MW

 SORT1 READ     4714640. AND WROTE     3048425. INTEGRALS IN      9 RECORDS. CPU TIME:     0.13 SEC, REAL TIME:     0.18 SEC
 SORT2 READ     3048425. AND WROTE     3048425. INTEGRALS IN     85 RECORDS. CPU TIME:     0.23 SEC, REAL TIME:     0.27 SEC

 FILE SIZES:   FILE 1:    52.7 MBYTE,  FILE 4:    37.8 MBYTE,   TOTAL:     90.4 MBYTE

 OPERATOR DM      FOR CENTER  0  COORDINATES:    0.000000    0.000000    0.000000

 PROGRAM * RHF-SCF (CLOSED SHELL)       Authors: W. Meyer, H.-J. Werner


 NUMBER OF ELECTRONS:       8+    8-
 CONVERGENCE THRESHOLDS:    1.00E-07 (Density)    1.00E-08 (Energy)
 MAX. NUMBER OF ITERATIONS:       60
 INTERPOLATION TYPE:            DIIS
 INTERPOLATION STEPS:              2 (START)      1 (STEP)
 LEVEL SHIFTS:                  0.00 (CLOSED)  0.00 (OPEN) 

 Number of closed-shell orbitals:    8 (   3   2   1   0   1   1   0   0 )


 Molecular orbitals read from record     2100.2  Type=RHF/CANONICAL (state 1.1)

 Molecular orbital dump at record        2100.2

 ITERATION    DDIFF          GRAD             ENERGY        2-EL.EN.            DIPOLE MOMENTS         DIIS   ORB.
    1      0.000D+00      0.000D+00       -78.06389898    117.397840    0.00000    0.00000    0.00000    0    start
    2      0.000D+00      0.141D-05       -78.06389898    117.397980    0.00000    0.00000    0.00000    1    diag
    3      0.282D-05      0.383D-06       -78.06389898    117.397914    0.00000    0.00000    0.00000    2    diag
    4      0.521D-06      0.111D-06       -78.06389898    117.397931    0.00000    0.00000    0.00000    3    diag
    5      0.188D-06      0.236D-07       -78.06389898    117.397929    0.00000    0.00000    0.00000    4    diag
    6      0.426D-07      0.384D-08       -78.06389898    117.397929    0.00000    0.00000    0.00000    0    orth

 Final occupancy:   3   2   1   0   1   1   0   0

 !RHF STATE  1.1 Energy               -78.063898977170
 Nuclear energy                        33.42434154
 One-electron energy                 -170.18720479
 Two-electron energy                   58.69896428
 Virial quotient                       -1.00156965
 !RHF STATE  1.1 Dipole moment          0.00000000     0.00000000     0.00000000
 Dipole moment /Debye                   0.00000000     0.00000000     0.00000000

 Orbital energies:

         1.1          2.1          3.1          4.1          5.1
    -11.229210    -1.033124    -0.587061     0.159195     0.373798

         1.2          2.2          3.2          4.2
    -11.227480    -0.792046     0.187212     0.368032

         1.3          2.3          3.3
     -0.376690     0.446562     0.876464

         1.4          2.4
      0.152312     0.565665

         1.5          2.5          3.5
     -0.642679     0.190879     0.440922

         1.6          2.6          3.6
     -0.506349     0.241222     0.694584

         1.7          2.7
      0.678770     1.220239

         1.8          2.8
      0.829780     1.613321


 HOMO      1.3    -0.376690 =     -10.2503eV
 LUMO      1.4     0.152312 =       4.1446eV
 LUMO-HOMO         0.529002 =      14.3949eV


 **********************************************************************************************************************************
 DATASETS  * FILE   NREC   LENGTH (MB)   RECORD NAMES
              1      19       44.98       500      610      700      900      950      970     1000      129      960     1100   
                                          VAR    BASINP    GEOM    SYMINP    ZMAT    AOBASIS   BASIS     P2S    ABASIS      S 
                                         1400     1410     1200     1210     1080     1600     1650     1300     1700   
                                           T        V       H0       H01     AOSYM     SMH    MOLCAS    ERIS     OPER   

              2       6        3.16       700     1000      520     2100     8500     9001   
                                         GEOM     BASIS   MCVARS     RHF     CPHF    DEN_MP2    

 PROGRAMS   *        TOTAL    HF-SCF      CCSD    HF-SCF       INT
 CPU TIMES  *        19.09      1.27      3.01      0.23      1.20
 REAL TIME  *        37.95 SEC
 DISK USED  *        93.66 MB
 **********************************************************************************************************************************


 PROGRAM * CCSD (Closed-shell coupled cluster)     Authors: C. Hampel, H.-J. Werner, 1991, M. Deegan, P.J. Knowles, 1992


 Convergence thresholds:  THRVAR = 1.00D-12  THRDEN = 1.00D-08

 Using ITF CCSD gradient implementation

 Number of core orbitals:           2 (   1   1   0   0   0   0   0   0 )
 Number of closed-shell orbitals:   6 (   2   1   1   0   1   1   0   0 )
 Number of external orbitals:     108 (  20  21  10  11  16  16   7   7 )

 Molecular orbitals read from record     2100.2  Type=RHF/CANONICAL (state 1.1)

 Integral transformation finished. Total CPU:   0.06 sec, npass=  1  Memory used:   0.48 MW
  Reference energy:                   -78.063898977170

  MP2 correlation energy:              -0.335398105608
  MP2 total energy:                   -78.399297082778

 ITER.      SQ.NORM     CORR.ENERGY   TOTAL ENERGY   ENERGY CHANGE        DEN1      VAR(S)    VAR(P)  DIIS     TIME
   1      1.12494646    -0.35764740   -78.42154637    -0.02224929    -0.01242545  1.47e-03  1.94e-03  1  1     0.13
   2      1.13481493    -0.35952884   -78.42342782    -0.00188145    -0.00856376  1.67e-05  4.14e-04  2  2     0.25
   3      1.13848936    -0.35989566   -78.42379464    -0.00036682    -0.00181942  1.06e-05  7.80e-05  3  3     0.38
   4      1.14094536    -0.35993631   -78.42383529    -0.00004065    -0.00120938  1.61e-07  1.51e-05  4  4     0.52
   5      1.14203673    -0.35992386   -78.42382284     0.00001245    -0.00036602  6.58e-08  1.46e-06  5  5     0.64
   6      1.14238821    -0.35990910   -78.42380807     0.00001477    -0.00010465  1.11e-09  6.84e-08  6  0     0.76
   7      1.14244388    -0.35990444   -78.42380341     0.00000466    -0.00001529  9.56e-11  2.33e-09  6  1     0.88
   8      1.14244931    -0.35990369   -78.42380267     0.00000074    -0.00000137  3.08e-12  1.27e-10  6  2     0.98
   9      1.14244990    -0.35990361   -78.42380259     0.00000009    -0.00000016  4.17e-13  8.34e-12  6  3     1.08
  10      1.14245012    -0.35990360   -78.42380258     0.00000001     0.00000001  1.12e-14  4.04e-13           1.18

 Norm of t1 vector:      0.05229012     S-energy:     -0.00000000   T1 diagnostic:  0.01067368

 Time per iteration:                      0.12 sec

 RESULTS
 =======

  Reference energy:                   -78.063898977170
  CCSD correlation energy:             -0.359903602921
 !CCSD total energy:                  -78.423802580090

 Starting CP-CCSD iterations.   Author: W. Gyorffy (2012)

         ITER.       NRM1          NRM2     VAR1+VAR2       CPU  DIIS
 iter.     1     0.00201261     0.36542160 7.90963400e-04      0.09  1  1
 iter.     2     0.00182636     0.36279566 2.27223473e-05      0.20  2  2
 iter.     3     0.00174952     0.36224242 2.63988823e-06      0.30  3  3
 iter.     4     0.00171363     0.36212846 4.03011679e-07      0.42  4  4
 iter.     5     0.00169759     0.36212501 5.69675164e-08      0.53  5  5
 iter.     6     0.00169298     0.36214007 4.29877325e-09      0.64  6  0
 iter.     7     0.00169209     0.36214701 2.07041270e-10      0.75  6  1
 iter.     8     0.00169213     0.36214890 1.10279365e-11      0.85  6  2
 iter.     9     0.00169216     0.36214929 9.25295446e-13      0.95


 Time per iteration:                      0.11 sec


 CPHF trial vector read from record  8500.2

 Starting Coupled-perturbed Hartree-Fock, convergence threshold= 1.0D-06

 ITER   MIC  DIIS      VAR         VARC       CPU
   1     0     1    0.11D-01    0.16D-02     0.01
   2     4     2    0.12D-03    0.30D-04     0.02
   3     3     3    0.56D-05    0.94D-06     0.03
   4     2     4    0.20D-06    0.27D-07     0.05

 CPHF convergence reached in  4 macroiterations and    9 microiterations.   Accuracy: 2.0417D-07

 CPHF solution written to record  8500.2

 Dipole moments (unrelaxed):            0.00000000     0.00000000     0.00000000
 Orbital relaxation contribution:      -0.00000000    -0.00000000    -0.00000000
 !CCSD STATE  1.1 Dipole moment         0.00000000     0.00000000     0.00000000
 Dipole moment /Debye                   0.00000000     0.00000000     0.00000000

 CPU-time for coupled-perturbed hartree-fock:          0.05 sec

 Number of N-1 electron functions:               6
 Number of N-2 electron functions:              21
 Number of singly external CSFs:               103
 Number of doubly external CSFs:             28078
 Total number of CSFs:                       28182

 CCSD Gradient info saved on record        55555.1




 **********************************************************************************************************************************
 DATASETS  * FILE   NREC   LENGTH (MB)   RECORD NAMES
              1      21       52.65       500      610      700      900      950      970     1000      129      960     1100   
                                          VAR    BASINP    GEOM    SYMINP    ZMAT    AOBASIS   BASIS     P2S    ABASIS      S 
                                         1400     1410     1200     1210     1080     1600     1650     1300     1700     1380   
                                           T        V       H0       H01     AOSYM     SMH    MOLCAS    ERIS     OPER     JKOP   
                                        55555   
                                         CCSD   

              2       6        3.16       700     1000      520     2100     8500     9001   
                                         GEOM     BASIS   MCVARS     RHF     CPHF    DEN_MP2    

 PROGRAMS   *        TOTAL      CCSD      CCSD    HF-SCF       INT
 CPU TIMES  *        22.07      2.98      3.01      0.23      1.20
 REAL TIME  *        42.37 SEC
 DISK USED  *        93.66 MB
 **********************************************************************************************************************************

 PROGRESS OF GEOMETRY OPTIMIZATION.    TOTAL CPU:        17.5 SEC
   1   -78.42379332   -78.42380168    -0.00000835  0.00332656  0.00347777  0.00028981  0.00820057  0.00849906  0.00346973
   2   -78.42380168   -78.42380258    -0.00000090  0.00126109  0.00128653  0.00010721  0.00292798  0.00311953  0.00127354
   3   -78.42380258   -78.42380258    -0.00000000  0.00005103  0.00005276  0.00000440  0.00008249  0.00008967  0.00003661

 **********************************************************************************************************************************

 Current geometry (xyz format, in Angstrom)

    6
 CCSD/CC-PVTZ  ENERGY=-78.42380258
 C          0.6655839663        0.0000000000        0.0000000000
 C         -0.6655839663        0.0000000000        0.0000000000
 H          1.2308653904        0.0000000000        0.9220622226
 H          1.2308653904        0.0000000000       -0.9220622226
 H         -1.2308653904        0.0000000000        0.9220622226
 H         -1.2308653904        0.0000000000       -0.9220622226

 **********************************************************************************************************************************
